Using pre-set license
Built from 'trunk' branch; Version is '2021.1.0a10 (fa6955fa3c39) revision 16410965'; Using compiler version '192528614'; Build Type 'Release'
OS: 'Windows 10 Pro; OS build 19041.685; Version 2004; 64bit' Language: 'en' Physical Memory: 16326 MB
BatchMode: 1, IsHumanControllingUs: 0, StartBugReporterOnCrash: 0, Is64bit: 1, IsPro: 0

 COMMAND LINE ARGUMENTS:
E:\Setup\Unity 2021.1.0a10\Editor\Unity.exe
-adb2
-batchMode
-noUpm
-name
AssetImportWorker0
-projectPath
C:/Users/GS1799/New Unity Project
-logFile
Logs/AssetImportWorker0.log
-srvPort
57123
Successfully changed project path to: C:/Users/GS1799/New Unity Project
C:/Users/GS1799/New Unity Project
Using Asset Import Pipeline V2.
Refreshing native plugins compatible for Editor in 38.61 ms, found 0 plugins.
Preloading 0 native plugins for Editor in 0.00 ms.
Initialize engine version: 2021.1.0a10 (fa6955fa3c39)
[Subsystems] Discovering subsystems at path E:/Setup/Unity 2021.1.0a10/Editor/Data/Resources/UnitySubsystems
[Subsystems] Discovering subsystems at path C:/Users/GS1799/New Unity Project/Assets
GfxDevice: creating device client; threaded=0; jobified=0
Direct3D:
    Version:  Direct3D 11.0 [level 11.1]
    Renderer: NVIDIA GeForce GTX 1060 3GB (ID=0x1c02)
    Vendor:   NVIDIA
    VRAM:     2988 MB
    Driver:   27.21.14.5148
Initialize mono
Mono path[0] = 'E:/Setup/Unity 2021.1.0a10/Editor/Data/Managed'
Mono path[1] = 'E:/Setup/Unity 2021.1.0a10/Editor/Data/MonoBleedingEdge/lib/mono/unityjit'
Mono config path = 'E:/Setup/Unity 2021.1.0a10/Editor/Data/MonoBleedingEdge/etc'
Using monoOptions --debugger-agent=transport=dt_socket,embedding=1,server=y,suspend=n,address=127.0.0.1:56960
Begin MonoManager ReloadAssembly
Registering precompiled unity dll's ...
Register platform support module: E:/Setup/Unity 2021.1.0a10/Editor/Data/PlaybackEngines/WindowsStandaloneSupport/UnityEditor.WindowsStandalone.Extensions.dll
Registered in 0.001389 seconds.
Native extension for WindowsStandalone target not found
Refreshing native plugins compatible for Editor in 24.29 ms, found 0 plugins.
Preloading 0 native plugins for Editor in 0.00 ms.
Mono: successfully reloaded assembly
- Completed reload, in  1.225 seconds
Platform modules already initialized, skipping
Registering precompiled user dll's ...
Registered in 0.001276 seconds.
Begin MonoManager ReloadAssembly
Native extension for WindowsStandalone target not found
Refreshing native plugins compatible for Editor in 0.28 ms, found 0 plugins.
Preloading 0 native plugins for Editor in 0.00 ms.
Mono: successfully reloaded assembly
- Completed reload, in  0.910 seconds
Platform modules already initialized, skipping
========================================================================
Worker process is ready to serve import requests
Launched and connected shader compiler UnityShaderCompiler.exe after 0.07 seconds
Refreshing native plugins compatible for Editor in 0.23 ms, found 0 plugins.
Preloading 0 native plugins for Editor in 0.00 ms.
Unloading 1109 Unused Serialized files (Serialized files now loaded: 0)
System memory in use before: 190.0 MB.
System memory in use after: 190.0 MB.

Unloading 10 unused Assets to reduce memory usage. Loaded Objects now: 1565.
Total: 2.508800 ms (FindLiveObjects: 0.255400 ms CreateObjectMapping: 0.123100 ms MarkObjects: 2.031100 ms  DeleteObjects: 0.097200 ms)

========================================================================
Received Import Request.
  path: Assets/Test.uss
  artifactKey: Guid(4b88d58d4f4857e48a56350e21ce7c4d) Importer(815301076,1909f56bfc062723c751e8b465ee728b)
Start importing Assets/Test.uss using Guid(4b88d58d4f4857e48a56350e21ce7c4d) Importer(815301076,1909f56bfc062723c751e8b465ee728b)  -> (artifact id: '399dfbfd3f953fe20329a2f5fa238ee6') in 0.050384 seconds 
========================================================================
Received Import Request.
  Time since last request: 1892.075792 seconds.
  path: Assets/zxczczcz.unity
  artifactKey: Guid(7e599c80cc03c374180f28d43f7e03e2) Importer(815301076,1909f56bfc062723c751e8b465ee728b)
Start importing Assets/zxczczcz.unity using Guid(7e599c80cc03c374180f28d43f7e03e2) Importer(815301076,1909f56bfc062723c751e8b465ee728b)  -> (artifact id: '791d1ada2f351994ea3bc7c3186f1639') in 0.018505 seconds 
========================================================================
Received Import Request.
  Time since last request: 17746.685547 seconds.
  path: Assets/ghf.uss
  artifactKey: Guid(fff50fd406bd4f749aaadae6305b63e3) Importer(815301076,1909f56bfc062723c751e8b465ee728b)
Start importing Assets/ghf.uss using Guid(fff50fd406bd4f749aaadae6305b63e3) Importer(815301076,1909f56bfc062723c751e8b465ee728b)  -> (artifact id: 'b44637c3697220b0fe37b50f5160a819') in 0.018566 seconds 
========================================================================
Received Import Request.
  Time since last request: 27.883131 seconds.
  path: Assets/wrwer.uss
  artifactKey: Guid(33c5ee75b6046d74aa0efb18234df5c2) Importer(815301076,1909f56bfc062723c751e8b465ee728b)
Start importing Assets/wrwer.uss using Guid(33c5ee75b6046d74aa0efb18234df5c2) Importer(815301076,1909f56bfc062723c751e8b465ee728b)  -> (artifact id: '78f532147de1961b13f28ef42f35dc07') in 0.009776 seconds 
========================================================================
Received Import Request.
  Time since last request: 47.698163 seconds.
  path: Assets/retete.uss
  artifactKey: Guid(db41381e0a4948c40997be74b83518a6) Importer(815301076,1909f56bfc062723c751e8b465ee728b)
Start importing Assets/retete.uss using Guid(db41381e0a4948c40997be74b83518a6) Importer(815301076,1909f56bfc062723c751e8b465ee728b)  -> (artifact id: '40065e42153fac171d71aae5c6a5ab93') in 0.010693 seconds 
========================================================================
Received Import Request.
  Time since last request: 68.410168 seconds.
  path: Assets/hfgh.uss
  artifactKey: Guid(c404d5e22b33cdf46b50e8b7658f9f5b) Importer(815301076,1909f56bfc062723c751e8b465ee728b)
Start importing Assets/hfgh.uss using Guid(c404d5e22b33cdf46b50e8b7658f9f5b) Importer(815301076,1909f56bfc062723c751e8b465ee728b)  -> (artifact id: '71061c525ef8e0d08160353872b88402') in 0.067833 seconds 
========================================================================
Received Import Request.
  Time since last request: 48.807198 seconds.
  path: Assets/zxczczcz.unity
  artifactKey: Guid(7e599c80cc03c374180f28d43f7e03e2) Importer(2089858483,934ff659095e30574adcf32a4c2f97b5)
Start importing Assets/zxczczcz.unity using Guid(7e599c80cc03c374180f28d43f7e03e2) Importer(2089858483,934ff659095e30574adcf32a4c2f97b5) 
[QS] Generated asset artifact (ASIEI01) VirtualArtifacts/NamedExtra/de09218c8f4445e4886fe7a092303326.asset.1.index for Assets/zxczczcz.unity with Types
 -> (artifact id: '04b558c7e584262893d70067c60ce574') in 0.759064 seconds 
========================================================================
Received Import Request.
  Time since last request: 111.256525 seconds.
  path: Assets/Scenes
  artifactKey: Guid(55698ab0a5a6cb546b03778f0dbdf69d) Importer(815301076,1909f56bfc062723c751e8b465ee728b)
Start importing Assets/Scenes using Guid(55698ab0a5a6cb546b03778f0dbdf69d) Importer(815301076,1909f56bfc062723c751e8b465ee728b)  -> (artifact id: '44674a203cb1cefdcbc7d0510be0a0e1') in 0.029583 seconds 
